# JRE version: 7.0_13-b20
# Java VM: Java HotSpot(TM) Client VM (23.7-b01 mixed mode, sharing windows-x86 )
Heap
 def new generation   total 37312K, used 26497K [0x241f0000, 0x26a60000, 0x29740000)
  eden space 33216K,  70% used [0x241f0000, 0x258bc2c0, 0x26260000)
  from space 4096K,  76% used [0x26660000, 0x26974498, 0x26a60000)
  to   space 4096K,   0% used [0x26260000, 0x26260000, 0x26660000)
 tenured generation   total 82680K, used 82570K [0x29740000, 0x2e7fe000, 0x341f0000)
   the space 82680K,  99% used [0x29740000, 0x2e7e2bf8, 0x2e7e2c00, 0x2e7fe000)
 compacting perm gen  total 12288K, used 2180K [0x341f0000, 0x34df0000, 0x381f0000)
   the space 12288K,  17% used [0x341f0000, 0x34411108, 0x34411200, 0x34df0000)
    ro space 10240K,  45% used [0x381f0000, 0x38676fa8, 0x38677000, 0x38bf0000)
    rw space 12288K,  54% used [0x38bf0000, 0x3927a9a0, 0x3927aa00, 0x397f0000)
GC Heap History (10 events):
Event: 116.660 GC heap before
{Heap before GC invocations=230 (full 3):
 def new generation   total 37312K, used 33253K [0x241f0000, 0x26a60000, 0x29740000)
  eden space 33216K,  90% used [0x241f0000, 0x25f54f90, 0x26260000)
  from space 4096K,  76% used [0x26260000, 0x26574478, 0x26660000)
  to   space 4096K,   0% used [0x26660000, 0x26660000, 0x26a60000)
 tenured generation   total 82680K, used 82567K [0x29740000, 0x2e7fe000, 0x341f0000)
   the space 82680K,  99% used [0x29740000, 0x2e7e1f28, 0x2e7e2000, 0x2e7fe000)
 compacting perm gen  total 12288K, used 2180K [0x341f0000, 0x34df0000, 0x381f0000)
   the space 12288K,  17% used [0x341f0000, 0x34411108, 0x34411200, 0x34df0000)
    ro space 10240K,  45% used [0x381f0000, 0x38676fa8, 0x38677000, 0x38bf0000)
    rw space 12288K,  54% used [0x38bf0000, 0x3927a9a0, 0x3927aa00, 0x397f0000)
Event: 116.663 GC heap after
Heap after GC invocations=231 (full 3):
 def new generation   total 37312K, used 3153K [0x241f0000, 0x26a60000, 0x29740000)
  eden space 33216K,   0% used [0x241f0000, 0x241f0000, 0x26260000)
  from space 4096K,  76% used [0x26660000, 0x26974448, 0x26a60000)
  to   space 4096K,   0% used [0x26260000, 0x26260000, 0x26660000)
 tenured generation   total 82680K, used 82568K [0x29740000, 0x2e7fe000, 0x341f0000)
   the space 82680K,  99% used [0x29740000, 0x2e7e21b8, 0x2e7e2200, 0x2e7fe000)
 compacting perm gen  total 12288K, used 2180K [0x341f0000, 0x34df0000, 0x381f0000)
   the space 12288K,  17% used [0x341f0000, 0x34411108, 0x34411200, 0x34df0000)
    ro space 10240K,  45% used [0x381f0000, 0x38676fa8, 0x38677000, 0x38bf0000)
    rw space 12288K,  54% used [0x38bf0000, 0x3927a9a0, 0x3927aa00, 0x397f0000)
}
Event: 117.084 GC heap before
{Heap before GC invocations=231 (full 3):
 def new generation   total 37312K, used 33290K [0x241f0000, 0x26a60000, 0x29740000)
  eden space 33216K,  90% used [0x241f0000, 0x25f5e5f0, 0x26260000)
  from space 4096K,  76% used [0x26660000, 0x26974448, 0x26a60000)
  to   space 4096K,   0% used [0x26260000, 0x26260000, 0x26660000)
 tenured generation   total 82680K, used 82568K [0x29740000, 0x2e7fe000, 0x341f0000)
   the space 82680K,  99% used [0x29740000, 0x2e7e21b8, 0x2e7e2200, 0x2e7fe000)
 compacting perm gen  total 12288K, used 2180K [0x341f0000, 0x34df0000, 0x381f0000)
   the space 12288K,  17% used [0x341f0000, 0x34411108, 0x34411200, 0x34df0000)
    ro space 10240K,  45% used [0x381f0000, 0x38676fa8, 0x38677000, 0x38bf0000)
    rw space 12288K,  54% used [0x38bf0000, 0x3927a9a0, 0x3927aa00, 0x397f0000)
Event: 117.087 GC heap after
Heap after GC invocations=232 (full 3):
 def new generation   total 37312K, used 3153K [0x241f0000, 0x26a60000, 0x29740000)
  eden space 33216K,   0% used [0x241f0000, 0x241f0000, 0x26260000)
  from space 4096K,  76% used [0x26260000, 0x265744e8, 0x26660000)
  to   space 4096K,   0% used [0x26660000, 0x26660000, 0x26a60000)
 tenured generation   total 82680K, used 82569K [0x29740000, 0x2e7fe000, 0x341f0000)
   the space 82680K,  99% used [0x29740000, 0x2e7e2448, 0x2e7e2600, 0x2e7fe000)
 compacting perm gen  total 12288K, used 2180K [0x341f0000, 0x34df0000, 0x381f0000)
   the space 12288K,  17% used [0x341f0000, 0x34411108, 0x34411200, 0x34df0000)
    ro space 10240K,  45% used [0x381f0000, 0x38676fa8, 0x38677000, 0x38bf0000)
    rw space 12288K,  54% used [0x38bf0000, 0x3927a9a0, 0x3927aa00, 0x397f0000)
}
Event: 117.560 GC heap before
{Heap before GC invocations=232 (full 3):
 def new generation   total 37312K, used 33298K [0x241f0000, 0x26a60000, 0x29740000)
  eden space 33216K,  90% used [0x241f0000, 0x25f60690, 0x26260000)
  from space 4096K,  76% used [0x26260000, 0x265744e8, 0x26660000)
  to   space 4096K,   0% used [0x26660000, 0x26660000, 0x26a60000)
 tenured generation   total 82680K, used 82569K [0x29740000, 0x2e7fe000, 0x341f0000)
   the space 82680K,  99% used [0x29740000, 0x2e7e2448, 0x2e7e2600, 0x2e7fe000)
 compacting perm gen  total 12288K, used 2180K [0x341f0000, 0x34df0000, 0x381f0000)
   the space 12288K,  17% used [0x341f0000, 0x34411108, 0x34411200, 0x34df0000)
    ro space 10240K,  45% used [0x381f0000, 0x38676fa8, 0x38677000, 0x38bf0000)
    rw space 12288K,  54% used [0x38bf0000, 0x3927a9a0, 0x3927aa00, 0x397f0000)
Event: 117.564 GC heap after
Heap after GC invocations=233 (full 3):
 def new generation   total 37312K, used 3153K [0x241f0000, 0x26a60000, 0x29740000)
  eden space 33216K,   0% used [0x241f0000, 0x241f0000, 0x26260000)
  from space 4096K,  76% used [0x26660000, 0x269744c0, 0x26a60000)
  to   space 4096K,   0% used [0x26260000, 0x26260000, 0x26660000)
 tenured generation   total 82680K, used 82569K [0x29740000, 0x2e7fe000, 0x341f0000)
   the space 82680K,  99% used [0x29740000, 0x2e7e26d8, 0x2e7e2800, 0x2e7fe000)
 compacting perm gen  total 12288K, used 2180K [0x341f0000, 0x34df0000, 0x381f0000)
   the space 12288K,  17% used [0x341f0000, 0x34411108, 0x34411200, 0x34df0000)
    ro space 10240K,  45% used [0x381f0000, 0x38676fa8, 0x38677000, 0x38bf0000)
    rw space 12288K,  54% used [0x38bf0000, 0x3927a9a0, 0x3927aa00, 0x397f0000)
}
Event: 118.028 GC heap before
{Heap before GC invocations=233 (full 3):
 def new generation   total 37312K, used 33308K [0x241f0000, 0x26a60000, 0x29740000)
  eden space 33216K,  90% used [0x241f0000, 0x25f62ce8, 0x26260000)
  from space 4096K,  76% used [0x26660000, 0x269744c0, 0x26a60000)
  to   space 4096K,   0% used [0x26260000, 0x26260000, 0x26660000)
 tenured generation   total 82680K, used 82569K [0x29740000, 0x2e7fe000, 0x341f0000)
   the space 82680K,  99% used [0x29740000, 0x2e7e26d8, 0x2e7e2800, 0x2e7fe000)
 compacting perm gen  total 12288K, used 2180K [0x341f0000, 0x34df0000, 0x381f0000)
   the space 12288K,  17% used [0x341f0000, 0x34411108, 0x34411200, 0x34df0000)
    ro space 10240K,  45% used [0x381f0000, 0x38676fa8, 0x38677000, 0x38bf0000)
    rw space 12288K,  54% used [0x38bf0000, 0x3927a9a0, 0x3927aa00, 0x397f0000)
Event: 118.031 GC heap after
Heap after GC invocations=234 (full 3):
 def new generation   total 37312K, used 3153K [0x241f0000, 0x26a60000, 0x29740000)
  eden space 33216K,   0% used [0x241f0000, 0x241f0000, 0x26260000)
  from space 4096K,  76% used [0x26260000, 0x26574498, 0x26660000)
  to   space 4096K,   0% used [0x26660000, 0x26660000, 0x26a60000)
 tenured generation   total 82680K, used 82570K [0x29740000, 0x2e7fe000, 0x341f0000)
   the space 82680K,  99% used [0x29740000, 0x2e7e2968, 0x2e7e2a00, 0x2e7fe000)
 compacting perm gen  total 12288K, used 2180K [0x341f0000, 0x34df0000, 0x381f0000)
   the space 12288K,  17% used [0x341f0000, 0x34411108, 0x34411200, 0x34df0000)
    ro space 10240K,  45% used [0x381f0000, 0x38676fa8, 0x38677000, 0x38bf0000)
    rw space 12288K,  54% used [0x38bf0000, 0x3927a9a0, 0x3927aa00, 0x397f0000)
}
Event: 118.474 GC heap before
{Heap before GC invocations=234 (full 3):
 def new generation   total 37312K, used 33276K [0x241f0000, 0x26a60000, 0x29740000)
  eden space 33216K,  90% used [0x241f0000, 0x25f5aba0, 0x26260000)
  from space 4096K,  76% used [0x26260000, 0x26574498, 0x26660000)
  to   space 4096K,   0% used [0x26660000, 0x26660000, 0x26a60000)
 tenured generation   total 82680K, used 82570K [0x29740000, 0x2e7fe000, 0x341f0000)
   the space 82680K,  99% used [0x29740000, 0x2e7e2968, 0x2e7e2a00, 0x2e7fe000)
 compacting perm gen  total 12288K, used 2180K [0x341f0000, 0x34df0000, 0x381f0000)
   the space 12288K,  17% used [0x341f0000, 0x34411108, 0x34411200, 0x34df0000)
    ro space 10240K,  45% used [0x381f0000, 0x38676fa8, 0x38677000, 0x38bf0000)
    rw space 12288K,  54% used [0x38bf0000, 0x3927a9a0, 0x3927aa00, 0x397f0000)
Event: 118.478 GC heap after
Heap after GC invocations=235 (full 3):
 def new generation   total 37312K, used 3153K [0x241f0000, 0x26a60000, 0x29740000)
  eden space 33216K,   0% used [0x241f0000, 0x241f0000, 0x26260000)
  from space 4096K,  76% used [0x26660000, 0x26974498, 0x26a60000)
  to   space 4096K,   0% used [0x26260000, 0x26260000, 0x26660000)
 tenured generation   total 82680K, used 82570K [0x29740000, 0x2e7fe000, 0x341f0000)
   the space 82680K,  99% used [0x29740000, 0x2e7e2bf8, 0x2e7e2c00, 0x2e7fe000)
 compacting perm gen  total 12288K, used 2180K [0x341f0000, 0x34df0000, 0x381f0000)
   the space 12288K,  17% used [0x341f0000, 0x34411108, 0x34411200, 0x34df0000)
    ro space 10240K,  45% used [0x381f0000, 0x38676fa8, 0x38677000, 0x38bf0000)
    rw space 12288K,  54% used [0x38bf0000, 0x3927a9a0, 0x3927aa00, 0x397f0000)
}

